running egg_info
creating ../../build/rescue_swarm_mapping/rescue_swarm_mapping.egg-info
writing ../../build/rescue_swarm_mapping/rescue_swarm_mapping.egg-info/PKG-INFO
writing dependency_links to ../../build/rescue_swarm_mapping/rescue_swarm_mapping.egg-info/dependency_links.txt
writing entry points to ../../build/rescue_swarm_mapping/rescue_swarm_mapping.egg-info/entry_points.txt
writing requirements to ../../build/rescue_swarm_mapping/rescue_swarm_mapping.egg-info/requires.txt
writing top-level names to ../../build/rescue_swarm_mapping/rescue_swarm_mapping.egg-info/top_level.txt
writing manifest file '../../build/rescue_swarm_mapping/rescue_swarm_mapping.egg-info/SOURCES.txt'
reading manifest file '../../build/rescue_swarm_mapping/rescue_swarm_mapping.egg-info/SOURCES.txt'
writing manifest file '../../build/rescue_swarm_mapping/rescue_swarm_mapping.egg-info/SOURCES.txt'
running build
running build_py
creating /home/kvn/sar_ws/build/rescue_swarm_mapping/build
creating /home/kvn/sar_ws/build/rescue_swarm_mapping/build/lib
creating /home/kvn/sar_ws/build/rescue_swarm_mapping/build/lib/rescue_swarm_mapping
copying rescue_swarm_mapping/__init__.py -> /home/kvn/sar_ws/build/rescue_swarm_mapping/build/lib/rescue_swarm_mapping
running install
running install_lib
creating /home/kvn/sar_ws/install/rescue_swarm_mapping/lib/python3.10/site-packages/rescue_swarm_mapping
copying /home/kvn/sar_ws/build/rescue_swarm_mapping/build/lib/rescue_swarm_mapping/__init__.py -> /home/kvn/sar_ws/install/rescue_swarm_mapping/lib/python3.10/site-packages/rescue_swarm_mapping
byte-compiling /home/kvn/sar_ws/install/rescue_swarm_mapping/lib/python3.10/site-packages/rescue_swarm_mapping/__init__.py to __init__.cpython-310.pyc
running install_data
creating /home/kvn/sar_ws/install/rescue_swarm_mapping/share/ament_index
creating /home/kvn/sar_ws/install/rescue_swarm_mapping/share/ament_index/resource_index
creating /home/kvn/sar_ws/install/rescue_swarm_mapping/share/ament_index/resource_index/packages
copying resource/rescue_swarm_mapping -> /home/kvn/sar_ws/install/rescue_swarm_mapping/share/ament_index/resource_index/packages
copying package.xml -> /home/kvn/sar_ws/install/rescue_swarm_mapping/share/rescue_swarm_mapping
running install_egg_info
Copying ../../build/rescue_swarm_mapping/rescue_swarm_mapping.egg-info to /home/kvn/sar_ws/install/rescue_swarm_mapping/lib/python3.10/site-packages/rescue_swarm_mapping-0.0.0-py3.10.egg-info
running install_scripts
writing list of installed files to '/home/kvn/sar_ws/build/rescue_swarm_mapping/install.log'
