running egg_info
writing ../../build/rescue_swarm_bringup/rescue_swarm_bringup.egg-info/PKG-INFO
writing dependency_links to ../../build/rescue_swarm_bringup/rescue_swarm_bringup.egg-info/dependency_links.txt
writing entry points to ../../build/rescue_swarm_bringup/rescue_swarm_bringup.egg-info/entry_points.txt
writing requirements to ../../build/rescue_swarm_bringup/rescue_swarm_bringup.egg-info/requires.txt
writing top-level names to ../../build/rescue_swarm_bringup/rescue_swarm_bringup.egg-info/top_level.txt
reading manifest file '../../build/rescue_swarm_bringup/rescue_swarm_bringup.egg-info/SOURCES.txt'
writing manifest file '../../build/rescue_swarm_bringup/rescue_swarm_bringup.egg-info/SOURCES.txt'
running build
running build_py
running install
running install_lib
running install_data
creating /home/kvn/sar_ws/install/rescue_swarm_bringup/share/rescue_swarm_bringup/launch
copying launch/single_robot.launch.py -> /home/kvn/sar_ws/install/rescue_swarm_bringup/share/rescue_swarm_bringup/launch
running install_egg_info
removing '/home/kvn/sar_ws/install/rescue_swarm_bringup/lib/python3.10/site-packages/rescue_swarm_bringup-0.0.0-py3.10.egg-info' (and everything under it)
Copying ../../build/rescue_swarm_bringup/rescue_swarm_bringup.egg-info to /home/kvn/sar_ws/install/rescue_swarm_bringup/lib/python3.10/site-packages/rescue_swarm_bringup-0.0.0-py3.10.egg-info
running install_scripts
writing list of installed files to '/home/kvn/sar_ws/build/rescue_swarm_bringup/install.log'
