[0.384s] Invoking command in '/home/kvn/sar_ws/src/rescue_swarm_bringup': PYTHONPATH=/home/kvn/sar_ws/build/rescue_swarm_bringup/prefix_override:/usr/lib/python3/dist-packages/colcon_core/task/python/colcon_distutils_commands:/home/kvn/sar_ws/install/rescue_swarm_bringup/lib/python3.10/site-packages:${PYTHONPATH} /usr/bin/python3 -W ignore:setup.py install is deprecated -W ignore:easy_install command is deprecated setup.py egg_info --egg-base ../../build/rescue_swarm_bringup build --build-base /home/kvn/sar_ws/build/rescue_swarm_bringup/build install --record /home/kvn/sar_ws/build/rescue_swarm_bringup/install.log --single-version-externally-managed install_data
[0.533s] running egg_info
[0.534s] writing ../../build/rescue_swarm_bringup/rescue_swarm_bringup.egg-info/PKG-INFO
[0.534s] writing dependency_links to ../../build/rescue_swarm_bringup/rescue_swarm_bringup.egg-info/dependency_links.txt
[0.534s] writing entry points to ../../build/rescue_swarm_bringup/rescue_swarm_bringup.egg-info/entry_points.txt
[0.534s] writing requirements to ../../build/rescue_swarm_bringup/rescue_swarm_bringup.egg-info/requires.txt
[0.534s] writing top-level names to ../../build/rescue_swarm_bringup/rescue_swarm_bringup.egg-info/top_level.txt
[0.535s] reading manifest file '../../build/rescue_swarm_bringup/rescue_swarm_bringup.egg-info/SOURCES.txt'
[0.536s] writing manifest file '../../build/rescue_swarm_bringup/rescue_swarm_bringup.egg-info/SOURCES.txt'
[0.536s] running build
[0.536s] running build_py
[0.536s] running install
[0.536s] running install_lib
[0.537s] running install_data
[0.537s] creating /home/kvn/sar_ws/install/rescue_swarm_bringup/share/rescue_swarm_bringup/launch
[0.537s] copying launch/single_robot.launch.py -> /home/kvn/sar_ws/install/rescue_swarm_bringup/share/rescue_swarm_bringup/launch
[0.537s] running install_egg_info
[0.538s] removing '/home/kvn/sar_ws/install/rescue_swarm_bringup/lib/python3.10/site-packages/rescue_swarm_bringup-0.0.0-py3.10.egg-info' (and everything under it)
[0.539s] Copying ../../build/rescue_swarm_bringup/rescue_swarm_bringup.egg-info to /home/kvn/sar_ws/install/rescue_swarm_bringup/lib/python3.10/site-packages/rescue_swarm_bringup-0.0.0-py3.10.egg-info
[0.539s] running install_scripts
[0.553s] writing list of installed files to '/home/kvn/sar_ws/build/rescue_swarm_bringup/install.log'
[0.569s] Invoked command in '/home/kvn/sar_ws/src/rescue_swarm_bringup' returned '0': PYTHONPATH=/home/kvn/sar_ws/build/rescue_swarm_bringup/prefix_override:/usr/lib/python3/dist-packages/colcon_core/task/python/colcon_distutils_commands:/home/kvn/sar_ws/install/rescue_swarm_bringup/lib/python3.10/site-packages:${PYTHONPATH} /usr/bin/python3 -W ignore:setup.py install is deprecated -W ignore:easy_install command is deprecated setup.py egg_info --egg-base ../../build/rescue_swarm_bringup build --build-base /home/kvn/sar_ws/build/rescue_swarm_bringup/build install --record /home/kvn/sar_ws/build/rescue_swarm_bringup/install.log --single-version-externally-managed install_data
