[1.063s] Invoking command in '/home/kvn/sar_ws/src/rescue_swarm_vision': PYTHONPATH=/home/kvn/sar_ws/build/rescue_swarm_vision/prefix_override:/usr/lib/python3/dist-packages/colcon_core/task/python/colcon_distutils_commands:/home/kvn/sar_ws/install/rescue_swarm_vision/lib/python3.10/site-packages:${PYTHONPATH} /usr/bin/python3 -W ignore:setup.py install is deprecated -W ignore:easy_install command is deprecated setup.py egg_info --egg-base ../../build/rescue_swarm_vision build --build-base /home/kvn/sar_ws/build/rescue_swarm_vision/build install --record /home/kvn/sar_ws/build/rescue_swarm_vision/install.log --single-version-externally-managed install_data
[1.312s] running egg_info
[1.312s] creating ../../build/rescue_swarm_vision/rescue_swarm_vision.egg-info
[1.312s] writing ../../build/rescue_swarm_vision/rescue_swarm_vision.egg-info/PKG-INFO
[1.312s] writing dependency_links to ../../build/rescue_swarm_vision/rescue_swarm_vision.egg-info/dependency_links.txt
[1.312s] writing entry points to ../../build/rescue_swarm_vision/rescue_swarm_vision.egg-info/entry_points.txt
[1.312s] writing requirements to ../../build/rescue_swarm_vision/rescue_swarm_vision.egg-info/requires.txt
[1.312s] writing top-level names to ../../build/rescue_swarm_vision/rescue_swarm_vision.egg-info/top_level.txt
[1.312s] writing manifest file '../../build/rescue_swarm_vision/rescue_swarm_vision.egg-info/SOURCES.txt'
[1.313s] reading manifest file '../../build/rescue_swarm_vision/rescue_swarm_vision.egg-info/SOURCES.txt'
[1.314s] writing manifest file '../../build/rescue_swarm_vision/rescue_swarm_vision.egg-info/SOURCES.txt'
[1.315s] running build
[1.315s] running build_py
[1.315s] creating /home/kvn/sar_ws/build/rescue_swarm_vision/build
[1.315s] creating /home/kvn/sar_ws/build/rescue_swarm_vision/build/lib
[1.315s] creating /home/kvn/sar_ws/build/rescue_swarm_vision/build/lib/rescue_swarm_vision
[1.315s] copying rescue_swarm_vision/__init__.py -> /home/kvn/sar_ws/build/rescue_swarm_vision/build/lib/rescue_swarm_vision
[1.315s] running install
[1.315s] running install_lib
[1.315s] creating /home/kvn/sar_ws/install/rescue_swarm_vision/lib/python3.10/site-packages/rescue_swarm_vision
[1.315s] copying /home/kvn/sar_ws/build/rescue_swarm_vision/build/lib/rescue_swarm_vision/__init__.py -> /home/kvn/sar_ws/install/rescue_swarm_vision/lib/python3.10/site-packages/rescue_swarm_vision
[1.316s] byte-compiling /home/kvn/sar_ws/install/rescue_swarm_vision/lib/python3.10/site-packages/rescue_swarm_vision/__init__.py to __init__.cpython-310.pyc
[1.316s] running install_data
[1.316s] creating /home/kvn/sar_ws/install/rescue_swarm_vision/share/ament_index
[1.316s] creating /home/kvn/sar_ws/install/rescue_swarm_vision/share/ament_index/resource_index
[1.316s] creating /home/kvn/sar_ws/install/rescue_swarm_vision/share/ament_index/resource_index/packages
[1.316s] copying resource/rescue_swarm_vision -> /home/kvn/sar_ws/install/rescue_swarm_vision/share/ament_index/resource_index/packages
[1.316s] copying package.xml -> /home/kvn/sar_ws/install/rescue_swarm_vision/share/rescue_swarm_vision
[1.316s] running install_egg_info
[1.317s] Copying ../../build/rescue_swarm_vision/rescue_swarm_vision.egg-info to /home/kvn/sar_ws/install/rescue_swarm_vision/lib/python3.10/site-packages/rescue_swarm_vision-0.0.0-py3.10.egg-info
[1.318s] running install_scripts
[1.331s] writing list of installed files to '/home/kvn/sar_ws/build/rescue_swarm_vision/install.log'
[1.349s] Invoked command in '/home/kvn/sar_ws/src/rescue_swarm_vision' returned '0': PYTHONPATH=/home/kvn/sar_ws/build/rescue_swarm_vision/prefix_override:/usr/lib/python3/dist-packages/colcon_core/task/python/colcon_distutils_commands:/home/kvn/sar_ws/install/rescue_swarm_vision/lib/python3.10/site-packages:${PYTHONPATH} /usr/bin/python3 -W ignore:setup.py install is deprecated -W ignore:easy_install command is deprecated setup.py egg_info --egg-base ../../build/rescue_swarm_vision build --build-base /home/kvn/sar_ws/build/rescue_swarm_vision/build install --record /home/kvn/sar_ws/build/rescue_swarm_vision/install.log --single-version-externally-managed install_data
