[1.076s] Invoking command in '/home/kvn/sar_ws/src/rescue_swarm_control': PYTHONPATH=/home/kvn/sar_ws/build/rescue_swarm_control/prefix_override:/usr/lib/python3/dist-packages/colcon_core/task/python/colcon_distutils_commands:/home/kvn/sar_ws/install/rescue_swarm_control/lib/python3.10/site-packages:${PYTHONPATH} /usr/bin/python3 -W ignore:setup.py install is deprecated -W ignore:easy_install command is deprecated setup.py egg_info --egg-base ../../build/rescue_swarm_control build --build-base /home/kvn/sar_ws/build/rescue_swarm_control/build install --record /home/kvn/sar_ws/build/rescue_swarm_control/install.log --single-version-externally-managed install_data
[1.233s] running egg_info
[1.234s] creating ../../build/rescue_swarm_control/rescue_swarm_control.egg-info
[1.234s] writing ../../build/rescue_swarm_control/rescue_swarm_control.egg-info/PKG-INFO
[1.234s] writing dependency_links to ../../build/rescue_swarm_control/rescue_swarm_control.egg-info/dependency_links.txt
[1.234s] writing entry points to ../../build/rescue_swarm_control/rescue_swarm_control.egg-info/entry_points.txt
[1.234s] writing requirements to ../../build/rescue_swarm_control/rescue_swarm_control.egg-info/requires.txt
[1.234s] writing top-level names to ../../build/rescue_swarm_control/rescue_swarm_control.egg-info/top_level.txt
[1.234s] writing manifest file '../../build/rescue_swarm_control/rescue_swarm_control.egg-info/SOURCES.txt'
[1.235s] reading manifest file '../../build/rescue_swarm_control/rescue_swarm_control.egg-info/SOURCES.txt'
[1.236s] writing manifest file '../../build/rescue_swarm_control/rescue_swarm_control.egg-info/SOURCES.txt'
[1.236s] running build
[1.237s] running build_py
[1.237s] creating /home/kvn/sar_ws/build/rescue_swarm_control/build
[1.237s] creating /home/kvn/sar_ws/build/rescue_swarm_control/build/lib
[1.237s] creating /home/kvn/sar_ws/build/rescue_swarm_control/build/lib/rescue_swarm_control
[1.237s] copying rescue_swarm_control/__init__.py -> /home/kvn/sar_ws/build/rescue_swarm_control/build/lib/rescue_swarm_control
[1.237s] running install
[1.237s] running install_lib
[1.237s] creating /home/kvn/sar_ws/install/rescue_swarm_control/lib/python3.10/site-packages/rescue_swarm_control
[1.237s] copying /home/kvn/sar_ws/build/rescue_swarm_control/build/lib/rescue_swarm_control/__init__.py -> /home/kvn/sar_ws/install/rescue_swarm_control/lib/python3.10/site-packages/rescue_swarm_control
[1.238s] byte-compiling /home/kvn/sar_ws/install/rescue_swarm_control/lib/python3.10/site-packages/rescue_swarm_control/__init__.py to __init__.cpython-310.pyc
[1.238s] running install_data
[1.238s] creating /home/kvn/sar_ws/install/rescue_swarm_control/share/ament_index
[1.238s] creating /home/kvn/sar_ws/install/rescue_swarm_control/share/ament_index/resource_index
[1.238s] creating /home/kvn/sar_ws/install/rescue_swarm_control/share/ament_index/resource_index/packages
[1.238s] copying resource/rescue_swarm_control -> /home/kvn/sar_ws/install/rescue_swarm_control/share/ament_index/resource_index/packages
[1.238s] copying package.xml -> /home/kvn/sar_ws/install/rescue_swarm_control/share/rescue_swarm_control
[1.238s] running install_egg_info
[1.239s] Copying ../../build/rescue_swarm_control/rescue_swarm_control.egg-info to /home/kvn/sar_ws/install/rescue_swarm_control/lib/python3.10/site-packages/rescue_swarm_control-0.0.0-py3.10.egg-info
[1.240s] running install_scripts
[1.255s] writing list of installed files to '/home/kvn/sar_ws/build/rescue_swarm_control/install.log'
[1.275s] Invoked command in '/home/kvn/sar_ws/src/rescue_swarm_control' returned '0': PYTHONPATH=/home/kvn/sar_ws/build/rescue_swarm_control/prefix_override:/usr/lib/python3/dist-packages/colcon_core/task/python/colcon_distutils_commands:/home/kvn/sar_ws/install/rescue_swarm_control/lib/python3.10/site-packages:${PYTHONPATH} /usr/bin/python3 -W ignore:setup.py install is deprecated -W ignore:easy_install command is deprecated setup.py egg_info --egg-base ../../build/rescue_swarm_control build --build-base /home/kvn/sar_ws/build/rescue_swarm_control/build install --record /home/kvn/sar_ws/build/rescue_swarm_control/install.log --single-version-externally-managed install_data
