[1.088s] Invoking command in '/home/kvn/sar_ws/src/rescue_bot_description': PYTHONPATH=/home/kvn/sar_ws/build/rescue_bot_description/prefix_override:/usr/lib/python3/dist-packages/colcon_core/task/python/colcon_distutils_commands:/home/kvn/sar_ws/install/rescue_bot_description/lib/python3.10/site-packages:${PYTHONPATH} /usr/bin/python3 -W ignore:setup.py install is deprecated -W ignore:easy_install command is deprecated setup.py egg_info --egg-base ../../build/rescue_bot_description build --build-base /home/kvn/sar_ws/build/rescue_bot_description/build install --record /home/kvn/sar_ws/build/rescue_bot_description/install.log --single-version-externally-managed install_data
[1.257s] running egg_info
[1.257s] creating ../../build/rescue_bot_description/rescue_bot_description.egg-info
[1.257s] writing ../../build/rescue_bot_description/rescue_bot_description.egg-info/PKG-INFO
[1.257s] writing dependency_links to ../../build/rescue_bot_description/rescue_bot_description.egg-info/dependency_links.txt
[1.257s] writing entry points to ../../build/rescue_bot_description/rescue_bot_description.egg-info/entry_points.txt
[1.257s] writing requirements to ../../build/rescue_bot_description/rescue_bot_description.egg-info/requires.txt
[1.257s] writing top-level names to ../../build/rescue_bot_description/rescue_bot_description.egg-info/top_level.txt
[1.257s] writing manifest file '../../build/rescue_bot_description/rescue_bot_description.egg-info/SOURCES.txt'
[1.258s] reading manifest file '../../build/rescue_bot_description/rescue_bot_description.egg-info/SOURCES.txt'
[1.260s] writing manifest file '../../build/rescue_bot_description/rescue_bot_description.egg-info/SOURCES.txt'
[1.260s] running build
[1.260s] running build_py
[1.260s] creating /home/kvn/sar_ws/build/rescue_bot_description/build
[1.260s] creating /home/kvn/sar_ws/build/rescue_bot_description/build/lib
[1.260s] creating /home/kvn/sar_ws/build/rescue_bot_description/build/lib/rescue_bot_description
[1.260s] copying rescue_bot_description/__init__.py -> /home/kvn/sar_ws/build/rescue_bot_description/build/lib/rescue_bot_description
[1.260s] running install
[1.260s] running install_lib
[1.261s] creating /home/kvn/sar_ws/install/rescue_bot_description/lib/python3.10/site-packages/rescue_bot_description
[1.261s] copying /home/kvn/sar_ws/build/rescue_bot_description/build/lib/rescue_bot_description/__init__.py -> /home/kvn/sar_ws/install/rescue_bot_description/lib/python3.10/site-packages/rescue_bot_description
[1.261s] byte-compiling /home/kvn/sar_ws/install/rescue_bot_description/lib/python3.10/site-packages/rescue_bot_description/__init__.py to __init__.cpython-310.pyc
[1.261s] running install_data
[1.261s] creating /home/kvn/sar_ws/install/rescue_bot_description/share/ament_index
[1.261s] creating /home/kvn/sar_ws/install/rescue_bot_description/share/ament_index/resource_index
[1.261s] creating /home/kvn/sar_ws/install/rescue_bot_description/share/ament_index/resource_index/packages
[1.261s] copying resource/rescue_bot_description -> /home/kvn/sar_ws/install/rescue_bot_description/share/ament_index/resource_index/packages
[1.261s] copying package.xml -> /home/kvn/sar_ws/install/rescue_bot_description/share/rescue_bot_description
[1.261s] running install_egg_info
[1.263s] Copying ../../build/rescue_bot_description/rescue_bot_description.egg-info to /home/kvn/sar_ws/install/rescue_bot_description/lib/python3.10/site-packages/rescue_bot_description-0.0.0-py3.10.egg-info
[1.263s] running install_scripts
[1.278s] writing list of installed files to '/home/kvn/sar_ws/build/rescue_bot_description/install.log'
[1.300s] Invoked command in '/home/kvn/sar_ws/src/rescue_bot_description' returned '0': PYTHONPATH=/home/kvn/sar_ws/build/rescue_bot_description/prefix_override:/usr/lib/python3/dist-packages/colcon_core/task/python/colcon_distutils_commands:/home/kvn/sar_ws/install/rescue_bot_description/lib/python3.10/site-packages:${PYTHONPATH} /usr/bin/python3 -W ignore:setup.py install is deprecated -W ignore:easy_install command is deprecated setup.py egg_info --egg-base ../../build/rescue_bot_description build --build-base /home/kvn/sar_ws/build/rescue_bot_description/build install --record /home/kvn/sar_ws/build/rescue_bot_description/install.log --single-version-externally-managed install_data
