[0.501s] Invoking command in '/home/kvn/sar_ws/build/rescue_swarm_interfaces': CMAKE_PREFIX_PATH=${CMAKE_PREFIX_PATH}:/home/kvn/sar_ws/install/rescue_swarm_vision:/home/kvn/sar_ws/install/rescue_swarm_mapping:/home/kvn/sar_ws/install/rescue_swarm_control:/home/kvn/sar_ws/install/rescue_swarm_bringup:/home/kvn/sar_ws/install/rescue_bot_description:/home/kvn/swarm_ws/install/swarm_simulation:/opt/ros/humble /usr/bin/cmake /home/kvn/sar_ws/src/rescue_swarm_interfaces -DCMAKE_INSTALL_PREFIX=/home/kvn/sar_ws/install/rescue_swarm_interfaces
[0.667s] -- The C compiler identification is GNU 11.4.0
[0.667s] -- The CXX compiler identification is GNU 11.4.0
[0.667s] -- Detecting C compiler ABI info
[0.695s] -- Detecting C compiler ABI info - done
[0.703s] -- Check for working C compiler: /usr/bin/cc - skipped
[0.703s] -- Detecting C compile features
[0.703s] -- Detecting C compile features - done
[0.706s] -- Detecting CXX compiler ABI info
[0.766s] -- Detecting CXX compiler ABI info - done
[0.771s] -- Check for working CXX compiler: /usr/bin/c++ - skipped
[0.771s] -- Detecting CXX compile features
[0.771s] -- Detecting CXX compile features - done
[0.773s] -- Found ament_cmake: 1.3.14 (/opt/ros/humble/share/ament_cmake/cmake)
[0.910s] -- Found Python3: /usr/bin/python3 (found version "3.10.12") found components: Interpreter 
[1.013s] -- Found ament_lint_auto: 0.12.15 (/opt/ros/humble/share/ament_lint_auto/cmake)
[1.105s] -- Added test 'lint_cmake' to check CMake code style
[1.106s] -- Added test 'xmllint' to check XML markup files
[1.107s] -- Configuring done
[1.110s] -- Generating done
[1.112s] -- Build files have been written to: /home/kvn/sar_ws/build/rescue_swarm_interfaces
[1.116s] Invoked command in '/home/kvn/sar_ws/build/rescue_swarm_interfaces' returned '0': CMAKE_PREFIX_PATH=${CMAKE_PREFIX_PATH}:/home/kvn/sar_ws/install/rescue_swarm_vision:/home/kvn/sar_ws/install/rescue_swarm_mapping:/home/kvn/sar_ws/install/rescue_swarm_control:/home/kvn/sar_ws/install/rescue_swarm_bringup:/home/kvn/sar_ws/install/rescue_bot_description:/home/kvn/swarm_ws/install/swarm_simulation:/opt/ros/humble /usr/bin/cmake /home/kvn/sar_ws/src/rescue_swarm_interfaces -DCMAKE_INSTALL_PREFIX=/home/kvn/sar_ws/install/rescue_swarm_interfaces
[1.118s] Invoking command in '/home/kvn/sar_ws/build/rescue_swarm_interfaces': CMAKE_PREFIX_PATH=${CMAKE_PREFIX_PATH}:/home/kvn/sar_ws/install/rescue_swarm_vision:/home/kvn/sar_ws/install/rescue_swarm_mapping:/home/kvn/sar_ws/install/rescue_swarm_control:/home/kvn/sar_ws/install/rescue_swarm_bringup:/home/kvn/sar_ws/install/rescue_bot_description:/home/kvn/swarm_ws/install/swarm_simulation:/opt/ros/humble /usr/bin/cmake --build /home/kvn/sar_ws/build/rescue_swarm_interfaces -- -j12 -l12
[1.159s] Invoked command in '/home/kvn/sar_ws/build/rescue_swarm_interfaces' returned '0': CMAKE_PREFIX_PATH=${CMAKE_PREFIX_PATH}:/home/kvn/sar_ws/install/rescue_swarm_vision:/home/kvn/sar_ws/install/rescue_swarm_mapping:/home/kvn/sar_ws/install/rescue_swarm_control:/home/kvn/sar_ws/install/rescue_swarm_bringup:/home/kvn/sar_ws/install/rescue_bot_description:/home/kvn/swarm_ws/install/swarm_simulation:/opt/ros/humble /usr/bin/cmake --build /home/kvn/sar_ws/build/rescue_swarm_interfaces -- -j12 -l12
[1.166s] Invoking command in '/home/kvn/sar_ws/build/rescue_swarm_interfaces': CMAKE_PREFIX_PATH=${CMAKE_PREFIX_PATH}:/home/kvn/sar_ws/install/rescue_swarm_vision:/home/kvn/sar_ws/install/rescue_swarm_mapping:/home/kvn/sar_ws/install/rescue_swarm_control:/home/kvn/sar_ws/install/rescue_swarm_bringup:/home/kvn/sar_ws/install/rescue_bot_description:/home/kvn/swarm_ws/install/swarm_simulation:/opt/ros/humble /usr/bin/cmake --install /home/kvn/sar_ws/build/rescue_swarm_interfaces
[1.171s] -- Install configuration: ""
[1.171s] -- Installing: /home/kvn/sar_ws/install/rescue_swarm_interfaces/share/ament_index/resource_index/package_run_dependencies/rescue_swarm_interfaces
[1.171s] -- Installing: /home/kvn/sar_ws/install/rescue_swarm_interfaces/share/ament_index/resource_index/parent_prefix_path/rescue_swarm_interfaces
[1.171s] -- Installing: /home/kvn/sar_ws/install/rescue_swarm_interfaces/share/rescue_swarm_interfaces/environment/ament_prefix_path.sh
[1.172s] -- Installing: /home/kvn/sar_ws/install/rescue_swarm_interfaces/share/rescue_swarm_interfaces/environment/ament_prefix_path.dsv
[1.172s] -- Installing: /home/kvn/sar_ws/install/rescue_swarm_interfaces/share/rescue_swarm_interfaces/environment/path.sh
[1.172s] -- Installing: /home/kvn/sar_ws/install/rescue_swarm_interfaces/share/rescue_swarm_interfaces/environment/path.dsv
[1.172s] -- Installing: /home/kvn/sar_ws/install/rescue_swarm_interfaces/share/rescue_swarm_interfaces/local_setup.bash
[1.172s] -- Installing: /home/kvn/sar_ws/install/rescue_swarm_interfaces/share/rescue_swarm_interfaces/local_setup.sh
[1.172s] -- Installing: /home/kvn/sar_ws/install/rescue_swarm_interfaces/share/rescue_swarm_interfaces/local_setup.zsh
[1.172s] -- Installing: /home/kvn/sar_ws/install/rescue_swarm_interfaces/share/rescue_swarm_interfaces/local_setup.dsv
[1.172s] -- Installing: /home/kvn/sar_ws/install/rescue_swarm_interfaces/share/rescue_swarm_interfaces/package.dsv
[1.172s] -- Installing: /home/kvn/sar_ws/install/rescue_swarm_interfaces/share/ament_index/resource_index/packages/rescue_swarm_interfaces
[1.172s] -- Installing: /home/kvn/sar_ws/install/rescue_swarm_interfaces/share/rescue_swarm_interfaces/cmake/rescue_swarm_interfacesConfig.cmake
[1.172s] -- Installing: /home/kvn/sar_ws/install/rescue_swarm_interfaces/share/rescue_swarm_interfaces/cmake/rescue_swarm_interfacesConfig-version.cmake
[1.172s] -- Installing: /home/kvn/sar_ws/install/rescue_swarm_interfaces/share/rescue_swarm_interfaces/package.xml
[1.173s] Invoked command in '/home/kvn/sar_ws/build/rescue_swarm_interfaces' returned '0': CMAKE_PREFIX_PATH=${CMAKE_PREFIX_PATH}:/home/kvn/sar_ws/install/rescue_swarm_vision:/home/kvn/sar_ws/install/rescue_swarm_mapping:/home/kvn/sar_ws/install/rescue_swarm_control:/home/kvn/sar_ws/install/rescue_swarm_bringup:/home/kvn/sar_ws/install/rescue_bot_description:/home/kvn/swarm_ws/install/swarm_simulation:/opt/ros/humble /usr/bin/cmake --install /home/kvn/sar_ws/build/rescue_swarm_interfaces
